{"D:\\workspace\\2017-07-31-FEsummary\\coverage\\lib\\add.js":{"path":"D:\\workspace\\2017-07-31-FEsummary\\coverage\\lib\\add.js","s":{"1":1,"2":1,"3":1},"b":{},"f":{"1":1},"fnMap":{"1":{"name":"add","line":3,"loc":{"start":{"line":3,"column":0},"end":{"line":3,"column":17}}}},"statementMap":{"1":{"start":{"line":3,"column":0},"end":{"line":6,"column":1}},"2":{"start":{"line":5,"column":1},"end":{"line":5,"column":11}},"3":{"start":{"line":9,"column":0},"end":{"line":9,"column":21}}},"branchMap":{}}}